src/data/workouts.ts(39,64): error TS6133: 'time' is declared but its value is never read.
src/pages/Login.tsx(35,21): error TS2345: Argument of type '{ id: any; email: any; name: any; goal: any; level: any; time: any; onboarded: boolean; }' is not assignable to parameter of type 'User'.
  Property 'points' is missing in type '{ id: any; email: any; name: any; goal: any; level: any; time: any; onboarded: boolean; }' but required in type 'User'.
